alpha/proguard/seeds.txt
w.g.R$array: int categories
w.g.R$color: int black
w.g.R$color: int blue
w.g.R$color: int category_item_title_selector
w.g.R$color: int cold_gray
w.g.R$color: int gray
w.g.R$color: int green
w.g.R$color: int seagreen
w.g.R$dimen: int activity_horizontal_margin
w.g.R$dimen: int activity_vertical_margin
w.g.R$dimen: int main_menu_textsize
w.g.R$drawable: int a
w.g.R$drawable: int bg_1
w.g.R$drawable: int bg_2
w.g.R$drawable: int bg_3
w.g.R$drawable: int bg_4
w.g.R$drawable: int bg_5
w.g.R$drawable: int bottom_bar
w.g.R$drawable: int button_down
w.g.R$drawable: int button_on
w.g.R$drawable: int button_style
w.g.R$drawable: int categorybar_item_background
w.g.R$drawable: int dot_bg
w.g.R$drawable: int item_bg
w.g.R$drawable: int item_shape
w.g.R$drawable: int level_page_indicator
w.g.R$drawable: int level_page_indicator_selected
w.g.R$drawable: int next_
w.g.R$drawable: int next_down_
w.g.R$drawable: int popup
w.g.R$drawable: int popup_down
w.g.R$drawable: int popup_left
w.g.R$drawable: int popup_middle
w.g.R$drawable: int popup_right
w.g.R$drawable: int popup_side
w.g.R$drawable: int pre_
w.g.R$drawable: int pre_down_
w.g.R$drawable: int spyonyou
w.g.R$drawable: int tab_address_normal
w.g.R$drawable: int tab_address_pressed
w.g.R$drawable: int tab_bg
w.g.R$drawable: int tab_find_frd_normal
w.g.R$drawable: int tab_find_frd_pressed
w.g.R$drawable: int tab_settings_normal
w.g.R$drawable: int tab_settings_pressed
w.g.R$drawable: int tab_weixin_normal
w.g.R$drawable: int tab_weixin_pressed
w.g.R$id: int acc
w.g.R$id: int acc_value
w.g.R$id: int action_settings
w.g.R$id: int active_time
w.g.R$id: int active_time_text
w.g.R$id: int alt
w.g.R$id: int alt_value
w.g.R$id: int bearing
w.g.R$id: int bearing_value
w.g.R$id: int bmapView
w.g.R$id: int browser
w.g.R$id: int button
w.g.R$id: int button1
w.g.R$id: int button10
w.g.R$id: int button11
w.g.R$id: int button12
w.g.R$id: int button13
w.g.R$id: int button14
w.g.R$id: int button15
w.g.R$id: int button16
w.g.R$id: int button17
w.g.R$id: int button18
w.g.R$id: int button19
w.g.R$id: int button2
w.g.R$id: int button20
w.g.R$id: int button21
w.g.R$id: int button22
w.g.R$id: int button23
w.g.R$id: int button24
w.g.R$id: int button25
w.g.R$id: int button26
w.g.R$id: int button27
w.g.R$id: int button28
w.g.R$id: int button29
w.g.R$id: int button3
w.g.R$id: int button30
w.g.R$id: int button31
w.g.R$id: int button32
w.g.R$id: int button4
w.g.R$id: int button5
w.g.R$id: int button6
w.g.R$id: int button7
w.g.R$id: int button8
w.g.R$id: int button9
w.g.R$id: int category_arrow_right
w.g.R$id: int category_layout
w.g.R$id: int category_scrollview
w.g.R$id: int category_title
w.g.R$id: int categorybar_layout
w.g.R$id: int chronometer
w.g.R$id: int city
w.g.R$id: int comment_content
w.g.R$id: int comment_ptime
w.g.R$id: int commentator_from
w.g.R$id: int comments_layout
w.g.R$id: int comments_list
w.g.R$id: int comments_reply_frame
w.g.R$id: int comments_titlebar_count
w.g.R$id: int comments_titlebar_layout
w.g.R$layout: int activity_battery
w.g.R$layout: int activity_browser
w.g.R$layout: int activity_browserhtml5
w.g.R$layout: int activity_browsermanage
w.g.R$layout: int activity_busline
w.g.R$layout: int activity_gps
w.g.R$layout: int activity_gridview
w.g.R$layout: int activity_input
w.g.R$layout: int activity_main
w.g.R$layout: int activity_menutab
w.g.R$layout: int activity_notification
w.g.R$layout: int activity_redbag
w.g.R$layout: int activity_setting
w.g.R$layout: int activity_tab
w.g.R$layout: int activity_timer
w.g.R$layout: int activity_uppercase
w.g.R$layout: int activity_view
w.g.R$layout: int activity_viewpage
w.g.R$layout: int button
w.g.R$layout: int button1
w.g.R$layout: int category_title
w.g.R$layout: int custom_text_view
w.g.R$layout: int list_view
w.g.R$layout: int pager_item
w.g.R$layout: int security_list_view
w.g.R$layout: int tab_lay1
w.g.R$layout: int tab_lay2
w.g.R$layout: int tab_lay3
w.g.R$menu: int a
w.g.R$menu: int activity_main
w.g.R$menu: int main
...
android.support.v4.net.TrafficStatsCompatIcs
android.support.v4.net.TrafficStatsCompatIcs: TrafficStatsCompatIcs()
android.support.v4.net.TrafficStatsCompatIcs: void clearThreadStatsTag()
android.support.v4.net.TrafficStatsCompatIcs: int getThreadStatsTag()
android.support.v4.net.TrafficStatsCompatIcs: void incrementOperationCount(int)
android.support.v4.net.TrafficStatsCompatIcs: void incrementOperationCount(int,int)
android.support.v4.net.TrafficStatsCompatIcs: void setThreadStatsTag(int)
android.support.v4.net.TrafficStatsCompatIcs: void tagSocket(java.net.Socket)
android.support.v4.net.TrafficStatsCompatIcs: void untagSocket(java.net.Socket)
android.support.v4.os.ParcelableCompat
android.support.v4.os.ParcelableCompat: ParcelableCompat()
android.support.v4.os.ParcelableCompat: android.os.Parcelable$Creator newCreator(android.support.v4.os.ParcelableCompatCreatorCallbacks)
android.support.v4.os.ParcelableCompat$CompatCreator
android.support.v4.os.ParcelableCompat$CompatCreator: android.support.v4.os.ParcelableCompatCreatorCallbacks mCallbacks
android.support.v4.os.ParcelableCompat$CompatCreator: ParcelableCompat$CompatCreator(android.support.v4.os.ParcelableCompatCreatorCallbacks)
android.support.v4.os.ParcelableCompat$CompatCreator: java.lang.Object createFromParcel(android.os.Parcel)
android.support.v4.os.ParcelableCompat$CompatCreator: java.lang.Object[] newArray(int)
android.support.v4.os.ParcelableCompatCreatorCallbacks
android.support.v4.os.ParcelableCompatCreatorCallbacks: java.lang.Object createFromParcel(android.os.Parcel,java.lang.ClassLoader)
android.support.v4.os.ParcelableCompatCreatorCallbacks: java.lang.Object[] newArray(int)
android.support.v4.os.ParcelableCompatCreatorHoneycombMR2
android.support.v4.os.ParcelableCompatCreatorHoneycombMR2: android.support.v4.os.ParcelableCompatCreatorCallbacks mCallbacks
android.support.v4.os.ParcelableCompatCreatorHoneycombMR2: ParcelableCompatCreatorHoneycombMR2(android.support.v4.os.ParcelableCompatCreatorCallbacks)
android.support.v4.os.ParcelableCompatCreatorHoneycombMR2: java.lang.Object createFromParcel(android.os.Parcel)
android.support.v4.os.ParcelableCompatCreatorHoneycombMR2: java.lang.Object createFromParcel(android.os.Parcel,java.lang.ClassLoader)
android.support.v4.os.ParcelableCompatCreatorHoneycombMR2: java.lang.Object[] newArray(int)
android.support.v4.os.ParcelableCompatCreatorHoneycombMR2Stub
android.support.v4.os.ParcelableCompatCreatorHoneycombMR2Stub: ParcelableCompatCreatorHoneycombMR2Stub()
android.support.v4.os.ParcelableCompatCreatorHoneycombMR2Stub: android.os.Parcelable$Creator instantiate(android.support.v4.os.ParcelableCompatCreatorCallbacks)