alpha/proguard/mapping.txt
w.g.BuildConfig -> w.g.a:
    boolean DEBUG -> a
w.g.R -> w.g.b:
w.g.R$array -> w.g.b$a:
    int categories -> categories
w.g.R$attr -> w.g.b$b:
w.g.R$color -> w.g.b$c:
    int black -> black
    int blue -> blue
    int category_item_title_selector -> category_item_title_selector
    int cold_gray -> cold_gray
    int gray -> gray
    int green -> green
    int seagreen -> seagreen
w.g.R$dimen -> w.g.b$d:
    int activity_horizontal_margin -> activity_horizontal_margin
    int activity_vertical_margin -> activity_vertical_margin
    int main_menu_textsize -> main_menu_textsize
w.g.R$drawable -> w.g.b$e:
    int a -> a
    int bg_1 -> bg_1
    int bg_2 -> bg_2
    int bg_3 -> bg_3
    int bg_4 -> bg_4
    int bg_5 -> bg_5
    int bottom_bar -> bottom_bar
    int button_down -> button_down
    int button_on -> button_on
    int button_style -> button_style
    int categorybar_item_background -> categorybar_item_background
    int dot_bg -> dot_bg
    int item_bg -> item_bg
    int item_shape -> item_shape
    int level_page_indicator -> level_page_indicator
    int level_page_indicator_selected -> level_page_indicator_selected
    int next_ -> next_
    int next_down_ -> next_down_
    int popup -> popup
    int popup_down -> popup_down
    int popup_left -> popup_left
    int popup_middle -> popup_middle
    int popup_right -> popup_right
    int popup_side -> popup_side
    int pre_ -> pre_
    int pre_down_ -> pre_down_
    int spyonyou -> spyonyou
    int tab_address_normal -> tab_address_normal
    int tab_address_pressed -> tab_address_pressed
    int tab_bg -> tab_bg
    int tab_find_frd_normal -> tab_find_frd_normal
    int tab_find_frd_pressed -> tab_find_frd_pressed
    int tab_settings_normal -> tab_settings_normal
    int tab_settings_pressed -> tab_settings_pressed
    int tab_weixin_normal -> tab_weixin_normal
    int tab_weixin_pressed -> tab_weixin_pressed
w.g.R$id -> w.g.b$f:
    int acc -> acc
    int acc_value -> acc_value
    int action_settings -> action_settings
    int active_time -> active_time
    int active_time_text -> active_time_text
    int alt -> alt
    int alt_value -> alt_value
    int bearing -> bearing
    int bearing_value -> bearing_value
    int bmapView -> bmapView
    int browser -> browser
    int button -> button
    int button1 -> button1
    int button10 -> button10
    int button11 -> button11
    int button12 -> button12
    int button13 -> button13
    int button14 -> button14
    int button15 -> button15
    int button16 -> button16
    int button17 -> button17
    int button18 -> button18
    int button19 -> button19
    int button2 -> button2
    int button20 -> button20
    int button21 -> button21
    int button22 -> button22
    int button23 -> button23
    int button24 -> button24
    int button25 -> button25
    int button26 -> button26
    int button27 -> button27
    int button28 -> button28
    int button29 -> button29
    int button3 -> button3
    int button30 -> button30
    int button31 -> button31
    int button32 -> button32
    int button4 -> button4
    int button5 -> button5
    int button6 -> button6
    int button7 -> button7
    int button8 -> button8
    int button9 -> button9
    int category_arrow_right -> category_arrow_right
    int category_layout -> category_layout
    int category_scrollview -> category_scrollview
    int category_title -> category_title
...
com.baidu.mapapi.search.poi.a -> com.baidu.mapapi.search.poi.a:
    java.lang.String a -> a
    com.baidu.mapapi.search.poi.ImageUtil$ImageListener b -> b
    int c -> c
    int d -> d
    void run() -> run
com.baidu.mapapi.search.poi.b -> com.baidu.mapapi.search.poi.b:
    java.lang.String a -> a
    java.lang.String b -> b
    java.lang.String c -> c
    java.lang.String d -> d
com.baidu.mapapi.search.poi.c -> com.baidu.mapapi.search.poi.c:
    void handleMessage(android.os.Message) -> handleMessage
com.baidu.mapapi.search.poi.d -> com.baidu.mapapi.search.poi.d:
    com.baidu.mapapi.search.poi.PlaceCaterActivity a -> a
    void onClick(android.view.View) -> onClick
com.baidu.mapapi.search.poi.e -> com.baidu.mapapi.search.poi.e:
    com.baidu.mapapi.search.poi.PlaceCaterActivity a -> a
    void onClick(android.view.View) -> onClick
com.baidu.mapapi.search.poi.f -> com.baidu.mapapi.search.poi.f:
    com.baidu.mapapi.search.poi.PlaceCaterActivity a -> a
    void onClick(android.view.View) -> onClick
com.baidu.mapapi.search.poi.g -> com.baidu.mapapi.search.poi.g:
    java.lang.String a -> a
    java.lang.String b -> b
    java.lang.String c -> c
    java.lang.String d -> d
    java.lang.String e -> e
    java.lang.String f -> f
    java.lang.String g -> g
    java.lang.String h -> h
    java.lang.String i -> i
    java.lang.String j -> j
    java.lang.String k -> k
    java.lang.String l -> l
    java.lang.String m -> m
    java.lang.String n -> n
    java.util.List o -> o
com.baidu.mapapi.search.poi.h -> com.baidu.mapapi.search.poi.h:
    com.baidu.mapapi.search.poi.PoiResult a(java.lang.String,int) -> a
    com.baidu.mapapi.search.poi.PoiResult a(java.lang.String) -> a
    boolean a(java.lang.String,com.baidu.mapapi.search.poi.g) -> a
com.baidu.mapapi.search.poi.i -> com.baidu.mapapi.search.poi.i:
    android.graphics.Bitmap a -> a
    android.graphics.Bitmap a() -> a
com.baidu.mapapi.search.route.DrivingRouteLine -> com.baidu.mapapi.search.route.DrivingRouteLine:
    boolean a -> a
    java.util.List b -> b
    boolean isSupportTraffic() -> isSupportTraffic
    void a(boolean) -> a
    java.util.List getWayPoints() -> getWayPoints
    void a(java.util.List) -> a
com.baidu.mapapi.search.route.DrivingRouteLine$DrivingStep -> com.baidu.mapapi.search.route.DrivingRouteLine$DrivingStep:
    int c -> c
    com.baidu.mapapi.search.core.RouteNode d -> d
    com.baidu.mapapi.search.core.RouteNode e -> e
    java.lang.String f -> f
    java.lang.String g -> g
    java.lang.String h -> h
    java.lang.String i -> i
    int j -> j
    java.util.List getWayPoints() -> getWayPoints
    int getDirection() -> getDirection
    void a(int) -> a
    com.baidu.mapapi.search.core.RouteNode getEntrace() -> getEntrace
    void a(com.baidu.mapapi.search.core.RouteNode) -> a
    com.baidu.mapapi.search.core.RouteNode getExit() -> getExit
    void b(com.baidu.mapapi.search.core.RouteNode) -> b
    void a(java.lang.String) -> a
    java.lang.String getEntraceInstructions() -> getEntraceInstructions
    void b(java.lang.String) -> b
    java.lang.String getExitInstructions() -> getExitInstructions
    void c(java.lang.String) -> c
    java.lang.String getInstructions() -> getInstructions
    void d(java.lang.String) -> d
    int getNumTurns() -> getNumTurns
    void b(int) -> b