alpha/proguard/usage.txt
w.g.BuildConfig
w.g.R
w.g.R$array
w.g.R$attr
w.g.R$color
w.g.R$dimen
w.g.R$drawable
w.g.R$id
w.g.R$layout
w.g.R$menu
w.g.R$string
w.g.R$style
w.g.R$xml
w.g.activity.BrowserActivity:
    private static final java.lang.String LOG_TAG
    19:19:static synthetic android.os.Handler access$0(w.g.activity.BrowserActivity)
    17:17:static synthetic android.webkit.WebView access$1(w.g.activity.BrowserActivity)
w.g.activity.BrowserActivity$DemoJavaScriptInterface
w.g.activity.BrowserActivity$DemoJavaScriptInterface$1
w.g.activity.BrowserActivity$MyWebChromeClient
w.g.activity.BrowserHTML5Activity:
    private static final java.lang.String LOG_TAG
w.g.activity.GpsActivity:
    private static final int MENU_ABOUT
w.g.activity.GridViewActivity:
    private android.widget.ListView mNewsList
    private android.widget.SimpleAdapter mNewsListAdapter
    private android.widget.Button mTitlebarRefresh
    private android.widget.ProgressBar mLoadnewsProgress
    private android.widget.Button mLoadMoreBtn
w.g.activity.MainActivity:
    private static final int GUINOTIFIER
    public android.widget.AnalogClock ac
    public java.util.Calendar c
    140:141:public void showString(java.lang.String)
w.g.activity.UpperCaseActivity:
    private static final java.lang.String CN_FULL
    private static final java.lang.String CN_NEGATIVE
    private static final int MONEY_PRECISION
    private static final java.lang.String CN_ZEOR_FULL
w.g.adapter.ViewPageAdapter:
    14:16:public ViewPageAdapter(java.util.List)
w.g.bean.Category:
    private int sequnce
    27:31:public Category(int,java.lang.String,int)
    34:34:public int getCid()
    38:39:public void setCid(int)
    42:42:public java.lang.String getTitle()
    46:47:public void setTitle(java.lang.String)
    50:50:public int getSequnce()
    54:55:public void setSequnce(int)
w.g.bean.SecurityBean:
    private java.lang.Boolean valid
    24:24:public java.lang.String getId()
    40:40:public java.lang.String getActiveCode()
    80:80:public java.lang.Boolean getValid()
    84:85:public void setValid(java.lang.Boolean)
    92:93:public void setResetTimes(java.lang.Integer)
w.g.common.DatabaseHelper:
    private static final int version
    private static final java.lang.String DATABASE_NAME
    private static final java.lang.String SQL_SECURITY
w.g.dao.SecurityDao:
    29:44:void updateQueriedTime(w.g.bean.SecurityBean)
    50:65:public void updateResetedTime(w.g.bean.SecurityBean)
    114:150:public java.lang.String queryUserStatus()
w.g.receiver.BootBroadcastReceiver:
    static final java.lang.String ACTION
w.g.receiver.GetSMSCodeReceiver:
    public static final java.lang.String SMS_RECEIVED_ACTION
w.g.service.RedBagService:
    static final java.lang.String TAG
    static final java.lang.String PACKAGENAME
    static final java.lang.String OPEN
    static final java.lang.String DETAIL
    static final java.lang.String LAUNCHER
    static final java.lang.String WEIXINHONGBAO
    static final java.lang.String LINGQUHONGBAO
    static final java.lang.String CHAKANHONGBAO
    static final java.lang.String HBKEY
    static final long RETURN_TIME
w.g.util.AlarmUtil
w.g.util.DateTimeUtil:
    13:13:public DateTimeUtil()
    23:26:public static java.lang.String showTime(long)
w.g.util.DensityUtil:
    10:10:public DensityUtil()
    15:16:public static int dip2px(android.content.Context,float)
w.g.util.LogTool
w.g.util.StringUtil:
    8:8:public StringUtil()
w.g.util.ToastLogUtil:
    13:13:public ToastLogUtil()
...
android.support.v4.net.TrafficStatsCompat
android.support.v4.net.TrafficStatsCompat$1
android.support.v4.net.TrafficStatsCompat$BaseTrafficStatsCompatImpl
android.support.v4.net.TrafficStatsCompat$BaseTrafficStatsCompatImpl$1
android.support.v4.net.TrafficStatsCompat$BaseTrafficStatsCompatImpl$SocketTags
android.support.v4.net.TrafficStatsCompat$IcsTrafficStatsCompatImpl
android.support.v4.net.TrafficStatsCompat$TrafficStatsCompatImpl
android.support.v4.net.TrafficStatsCompatIcs
android.support.v4.os.ParcelableCompat:
    26:42:public ParcelableCompat()
android.support.v4.os.ParcelableCompatCreatorHoneycombMR2Stub:
    22:22:ParcelableCompatCreatorHoneycombMR2Stub()
android.support.v4.text.BidiFormatter
android.support.v4.text.BidiFormatter$1
android.support.v4.text.BidiFormatter$Builder
android.support.v4.text.BidiFormatter$DirectionalityEstimator
android.support.v4.text.ICUCompat
android.support.v4.text.ICUCompat$ICUCompatImpl
android.support.v4.text.ICUCompat$ICUCompatImplBase
android.support.v4.text.ICUCompat$ICUCompatImplIcs
android.support.v4.text.ICUCompatIcs
android.support.v4.text.TextDirectionHeuristicCompat
android.support.v4.text.TextDirectionHeuristicsCompat
android.support.v4.text.TextDirectionHeuristicsCompat$1
android.support.v4.text.TextDirectionHeuristicsCompat$AnyStrong
android.support.v4.text.TextDirectionHeuristicsCompat$FirstStrong
android.support.v4.text.TextDirectionHeuristicsCompat$TextDirectionAlgorithm
android.support.v4.text.TextDirectionHeuristicsCompat$TextDirectionHeuristicImpl
android.support.v4.text.TextDirectionHeuristicsCompat$TextDirectionHeuristicInternal
android.support.v4.text.TextDirectionHeuristicsCompat$TextDirectionHeuristicLocale
android.support.v4.text.TextUtilsCompat
android.support.v4.util.AtomicFile
android.support.v4.util.DebugUtils:
    25:25:public DebugUtils()
android.support.v4.util.LongSparseArray
android.support.v4.util.LruCache
android.support.v4.util.SparseArrayCompat:
    94:98:public void removeAt(int)
    107:111:public void removeAtRange(int,int)
    236:241:public void setValueAt(int,java.lang.Object)
    249:253:public int indexOfKey(int)
    265:273:public int indexOfValue(java.lang.Object)
    296:323:public void append(int,java.lang.Object)
android.support.v4.util.TimeUtils:
    public static final int HUNDRED_DAY_FIELD_LEN
    private static final int SECONDS_PER_MINUTE
    private static final int SECONDS_PER_HOUR
    private static final int SECONDS_PER_DAY
    27:27:public TimeUtils()
    148:152:public static void formatDuration(long,java.lang.StringBuilder)
android.support.v4.view.AccessibilityDelegateCompatIcs:
    28:30:AccessibilityDelegateCompatIcs()
android.support.v4.view.AccessibilityDelegateCompatJellyBean:
    30:32:AccessibilityDelegateCompatJellyBean()
android.support.v4.view.ActionProvider
android.support.v4.view.ActionProvider$SubUiVisibilityListener
android.support.v4.view.ActionProvider$VisibilityListener
android.support.v4.view.GestureDetectorCompat
android.support.v4.view.GestureDetectorCompat$GestureDetectorCompatImpl
android.support.v4.view.GestureDetectorCompat$GestureDetectorCompatImplBase
android.support.v4.view.GestureDetectorCompat$GestureDetectorCompatImplBase$GestureHandler
android.support.v4.view.GestureDetectorCompat$GestureDetectorCompatImplJellybeanMr2
android.support.v4.view.GravityCompat:
    public static final int RELATIVE_LAYOUT_DIRECTION
    public static final int START
    public static final int END
    public static final int RELATIVE_HORIZONTAL_GRAVITY_MASK
    27:62:public GravityCompat()
    132:133:public static void apply(int,int,int,android.graphics.Rect,android.graphics.Rect,int)
    162:163:public static void apply(int,int,int,android.graphics.Rect,int,int,android.graphics.Rect,int)
    186:187:public static void applyDisplay(int,android.graphics.Rect,android.graphics.Rect,int)